<?xml version="1.0" encoding="UTF-8"?>
<!-- Generated by org.testng.reporters.JUnitXMLReporter -->
<testsuite ignored="0" hostname="DESKTOP-EMD60LA" failures="0" tests="10" name="EdgeTest" time="0.148" errors="0" timestamp="2022-05-24T12:19:15 IST">
  <testcase classname="PackTestNG.Test1Assert_SoftAssert" name="testM" time="0.006"/>
  <testcase classname="PackTestNG.Test1Assert_SoftAssert" name="testN" time="0.013"/>
  <testcase classname="PackTestNG.Test1Assert_SoftAssert" name="testO" time="0.003"/>
  <testcase classname="PackTestNG.Test1Assert_SoftAssert" name="testP" time="0.003"/>
  <testcase classname="PackTestNG.Test1Assert_SoftAssert" name="testQ" time="0.006"/>
  <testcase classname="PackTestNG.TestAssert_SoftAssert" name="test1" time="0.002"/>
  <testcase classname="PackTestNG.TestAssert_SoftAssert" name="testA" time="0.004"/>
  <testcase classname="PackTestNG.TestAssert_SoftAssert" name="testB" time="0.008"/>
  <testcase classname="PackTestNG.TestAssert_SoftAssert" name="testD" time="0.004"/>
  <testcase classname="PackTestNG.TestAssert_SoftAssert" name="testE" time="0.001"/>
</testsuite> <!-- EdgeTest -->
