<?xml version="1.0" encoding="UTF-8"?>
<!-- Generated by org.testng.reporters.JUnitXMLReporter -->
<testsuite ignored="0" hostname="DESKTOP-EMD60LA" failures="0" tests="3" name="Test" time="35.274" errors="0" timestamp="2022-05-27T13:02:51 IST">
  <testcase classname="HRMApplication.A_HRM_LoginPage" name="@AfterClass afterClass" time="0.004">
    <failure type="java.io.FileNotFoundException" message="https:\opensource-demo.orangehrmlive.com (The filename, directory name, or volume label syntax is incorrect)">
      <![CDATA[java.io.FileNotFoundException: https:\opensource-demo.orangehrmlive.com (The filename, directory name, or volume label syntax is incorrect)
at java.base/java.io.FileInputStream.open0(Native Method)
at java.base/java.io.FileInputStream.open(FileInputStream.java:216)
at java.base/java.io.FileInputStream.<init>(FileInputStream.java:157)
at java.base/java.io.FileInputStream.<init>(FileInputStream.java:111)
at Utils.Utility.getData(Utility.java:45)
at HRMApplication.A_HRM_LoginPage.afterClass(A_HRM_LoginPage.java:116)
at java.base/java.util.ArrayList.forEach(ArrayList.java:1511)
... Removed 25 stack frames]]>
    </failure>
  </testcase> <!-- @AfterClass afterClass -->
  <testcase classname="HRMApplication.A_HRM_LoginPage" name="@AfterTest afterTest0" time="-1.653636771801E9">
    <skipped/>
  </testcase> <!-- @AfterTest afterTest0 -->
  <testcase classname="HRMApplication.A_HRM_LoginPage" name="test1" time="0.124"/>
  <testcase classname="HRMApplication.A_HRM_LoginPage" name="test2" time="0.028"/>
  <testcase classname="HRMApplication.A_Recruitment" name="test" time="0.043"/>
</testsuite> <!-- Test -->
