<?xml version="1.0" encoding="UTF-8"?>
<!-- Generated by org.testng.reporters.JUnitXMLReporter -->
<testsuite ignored="0" hostname="DESKTOP-EMD60LA" failures="0" tests="3" name="Test1" time="41.289" errors="0" timestamp="2022-05-25T22:38:57 IST">
  <testcase classname="HRMApplication.A_HRM_LoginPage" name="test1" time="0.013"/>
  <testcase classname="HRMApplication.A_HRM_LoginPage" name="test2" time="0.012"/>
  <testcase classname="HRMApplication.A_Recruitment" name="test" time="0.029"/>
</testsuite> <!-- Test1 -->
