<?xml version="1.0" encoding="UTF-8"?>
<!-- Generated by org.testng.reporters.JUnitXMLReporter -->
<testsuite ignored="0" hostname="DESKTOP-EMD60LA" failures="1" tests="4" name="Test" time="66.475" errors="0" timestamp="2022-05-28T15:21:15 IST">
  <testcase classname="HRMApplication.A_HRM_LoginPage1" name="test1" time="0.087"/>
  <testcase classname="HRMApplication.A_HRM_LoginPage1" name="test2" time="0.049"/>
  <testcase classname="HRMApplication.A_HRM_LoginPage1" name="test3" time="4.041">
    <failure type="java.lang.NoSuchFieldError" message="Factory">
      <![CDATA[java.lang.NoSuchFieldError: Factory
at org.apache.poi.xssf.model.ThemesTable.readFrom(ThemesTable.java:119)
at org.apache.poi.xssf.model.ThemesTable.<init>(ThemesTable.java:87)
at org.apache.poi.ooxml.POIXMLFactory.createDocumentPart(POIXMLFactory.java:61)
at org.apache.poi.ooxml.POIXMLDocumentPart.read(POIXMLDocumentPart.java:661)
at org.apache.poi.ooxml.POIXMLDocument.load(POIXMLDocument.java:165)
at org.apache.poi.xssf.usermodel.XSSFWorkbook.<init>(XSSFWorkbook.java:259)
at org.apache.poi.xssf.usermodel.XSSFWorkbookFactory.createWorkbook(XSSFWorkbookFactory.java:118)
at org.apache.poi.xssf.usermodel.XSSFWorkbookFactory.create(XSSFWorkbookFactory.java:98)
at org.apache.poi.xssf.usermodel.XSSFWorkbookFactory.create(XSSFWorkbookFactory.java:36)
at org.apache.poi.ss.usermodel.WorkbookFactory.lambda$create$2(WorkbookFactory.java:199)
at org.apache.poi.ss.usermodel.WorkbookFactory.wp(WorkbookFactory.java:295)
at org.apache.poi.ss.usermodel.WorkbookFactory.create(WorkbookFactory.java:199)
at org.apache.poi.ss.usermodel.WorkbookFactory.create(WorkbookFactory.java:163)
at Utils.Utility.getData(Utility.java:41)
at HRMApplication.A_HRM_LoginPage1.test3(A_HRM_LoginPage1.java:111)
at java.base/java.util.ArrayList.forEach(ArrayList.java:1511)
... Removed 27 stack frames]]>
    </failure>
  </testcase> <!-- test3 -->
  <testcase classname="HRMApplication.A_Recruitment" name="test" time="0.154"/>
</testsuite> <!-- Test -->
