<?xml version="1.0" encoding="UTF-8"?>
<!-- Generated by org.testng.reporters.JUnitXMLReporter -->
<testsuite ignored="0" hostname="DESKTOP-EMD60LA" failures="1" tests="3" name="Test1" time="23.643" errors="0" timestamp="2022-05-30T18:29:59 IST">
  <testcase classname="HRMApplication.A_HRM_LoginPage1" name="test1" time="0.023"/>
  <testcase classname="HRMApplication.A_HRM_LoginPage1" name="test2" time="0.01"/>
  <testcase classname="HRMApplication.A_HRM_LoginPage1" name="test3" time="0.78">
    <failure type="java.io.IOException" message="Your InputStream was neither an OLE2 stream, nor an OOXML stream or you haven&amp;apos;t provide the poi-ooxml*.jar in the classpath/modulepath - FileMagic: OOXML, having providers: [org.apache.poi.hssf.usermodel.HSSFWorkbookFactory@378bd86d]">
      <![CDATA[java.io.IOException: Your InputStream was neither an OLE2 stream, nor an OOXML stream or you haven't provide the poi-ooxml*.jar in the classpath/modulepath - FileMagic: OOXML, having providers: [org.apache.poi.hssf.usermodel.HSSFWorkbookFactory@378bd86d]
at org.apache.poi.ss.usermodel.WorkbookFactory.wp(WorkbookFactory.java:334)
at org.apache.poi.ss.usermodel.WorkbookFactory.create(WorkbookFactory.java:224)
at org.apache.poi.ss.usermodel.WorkbookFactory.create(WorkbookFactory.java:185)
at Ut.Utility1.getData(Utility1.java:38)
at HRMApplication.A_HRM_LoginPage1.test3(A_HRM_LoginPage1.java:105)
at java.base/java.util.ArrayList.forEach(ArrayList.java:1511)
... Removed 27 stack frames]]>
    </failure>
  </testcase> <!-- test3 -->
</testsuite> <!-- Test1 -->
